<?xml version="1.0" encoding="UTF-8"?>
<!-- Generated by org.testng.reporters.JUnitReportReporter -->
<testsuite skipped="0" hostname="DESKTOP-O3E0A86" name="TestCases.TestCase001_Simple_Get_Request_BDD" tests="1" failures="0" timestamp="2020-04-02T09:01:41 IST" time="2.301" errors="0">
  <testcase name="validateGet" time="2.301" classname="TestCases.TestCase001_Simple_Get_Request_BDD"/>
  <system-out/>
</testsuite> <!-- TestCases.TestCase001_Simple_Get_Request_BDD -->
