<?xml version="1.0" encoding="UTF-8"?>
<!-- Generated by org.testng.reporters.JUnitReportReporter -->
<testsuite skipped="0" hostname="DESKTOP-O3E0A86" name="TestCases.TestCase001_Simple_Get_Request_BDD3" tests="1" failures="0" timestamp="2020-04-01T09:20:32 IST" time="1.596" errors="0">
  <testcase name="validateGet" time="1.596" classname="TestCases.TestCase001_Simple_Get_Request_BDD3"/>
  <system-out/>
</testsuite> <!-- TestCases.TestCase001_Simple_Get_Request_BDD3 -->
