<?xml version="1.0" encoding="UTF-8"?>
<!-- Generated by org.testng.reporters.JUnitReportReporter -->
<testsuite skipped="0" hostname="DESKTOP-O3E0A86" name="TestCases.TestCase001_POJO_Serialization" tests="2" failures="0" timestamp="2020-04-02T20:59:26 IST" time="1.888" errors="0">
  <testcase name="validatePostWithSerialization" time="1.800" classname="TestCases.TestCase001_POJO_Serialization"/>
  <system-out/>
  <testcase name="validatedeSerialization" time="0.088" classname="TestCases.TestCase001_POJO_Serialization"/>
  <system-out/>
</testsuite> <!-- TestCases.TestCase001_POJO_Serialization -->
