<?xml version="1.0" encoding="UTF-8"?>
<!-- Generated by org.testng.reporters.JUnitReportReporter -->
<testsuite skipped="0" hostname="DESKTOP-O3E0A86" name="TestCases.TestCase001_Simple_Get_Request_BDD2" tests="1" failures="0" timestamp="2020-03-31T10:18:16 IST" time="1.673" errors="0">
  <testcase name="validateGet" time="1.673" classname="TestCases.TestCase001_Simple_Get_Request_BDD2"/>
  <system-out/>
</testsuite> <!-- TestCases.TestCase001_Simple_Get_Request_BDD2 -->
